[2025-07-02 15:23:53]
INPUT: company_name: , selected_industry: 2차전지
OUTPUT: ### 1. 시장 개념
이차전지 산업은 주로 전기차용 배터리를 중심으로 성장하고 있으며, 한중일 3개국이 시장의 약 77%를 점유하고 있다. 이차전지는 전기차, 에너지 저장 시스템 등 다양한 용도로 사용된다.

### 2. 국내 산업 규모 및 현황
한국은 이차전지 수출에서 세계 3위를 차지하고 있으며, 전기차용 배터리 시장에서 중요한 위치를 차지하고 있다. 2030년까지 이차전지 시장은 연평균 32%의 고성장이 예상된다.

### 3. Value Chain
이차전지의 가치 사슬은 원재료 공급, 셀 제조, 모듈 및 팩 조립, 최종 제품 적용으로 구성된다. 각 단계에서 기술 개발과 효율성 향상이 중요하다.

### 4. Key Players
글로벌 시장에서는 한국, 중국, 일본의 주요 기업들이 주도하고 있으며, 한국의 LG에너지솔루션, 삼성SDI, SK이노베이션 등이 대표적이다.

### 5. 산업 이슈
이차전지 산업은 특정 국가 및 기업에 대한 의존도를 줄이기 위한 노력이 필요하다. 또한, 원재료 공급망의 안정성과 환경 문제 해결이 중요한 과제로 대두되고 있다.
---
[2025-07-02 15:24:20]
INPUT: company_name: sk 하이닉스, selected_industry: 2차전지
OUTPUT: 1. 시장 개념  
반도체 산업은 전자기기의 핵심 부품을 생산하는 산업으로, 메모리와 비메모리 반도체로 구분됩니다. 최근 AI 반도체의 수요가 급증하며 시장의 주요 성장 동력으로 작용하고 있습니다.

2. 국내 산업 규모 및 현황  
한국은 세계 반도체 시장에서 주요한 위치를 차지하고 있으며, 특히 메모리 반도체 분야에서 강세를 보입니다. 2023년에는 반도체 칩 시장 규모가 전년 대비 감소했으나, 2024년에는 AI 수요 증가로 인해 성장세가 예상됩니다.

3. Value Chain  
반도체 산업의 가치 사슬은 설계, 제조, 테스트, 패키징 등으로 구성됩니다. 각 단계에서의 기술력과 효율성이 산업 경쟁력을 결정짓는 중요한 요소입니다.

4. Key Players  
TSMC는 파운드리 시장에서 높은 점유율을 기록하며 주요 플레이어로 자리잡고 있습니다. 한국의 삼성전자와 SK하이닉스도 글로벌 시장에서 중요한 역할을 하고 있습니다.

5. 산업 이슈  
글로벌 반도체 시장은 미중 무역 갈등과 같은 지정학적 이슈에 영향을 받고 있습니다. 또한, 메모리 가격 변동과 AI 기술 발전이 시장의 주요 이슈로 부각되고 있습니다.
---
