[2025-07-04 04:08:21]
INPUT: 주요 이차전지 기업이 어디야?
OUTPUT: 주요 이차전지 기업으로는 다음과 같은 회사들이 있습니다:

1. **LG에너지솔루션** - LG화학의 배터리 사업부가 분사하여 설립된 회사로, 전기차 및 에너지 저장 시스템(ESS)용 배터리를 생산합니다.

2. **삼성SDI** - 삼성그룹 계열사로, 전기차, ESS, IT 기기 등에 사용되는 배터리를 제조합니다.

3. **SK온** - SK이노베이션의 배터리 사업부가 분사하여 설립된 회사로, 전기차 배터리 시장에서 활발히 활동하고 있습니다.

4. **CATL (Contemporary Amperex Technology Co. Limited)** - 중국의 대표적인 배터리 제조업체로, 글로벌 시장에서 큰 점유율을 차지하고 있습니다.

5. **파나소닉 (Panasonic)** - 일본의 전자기기 및 배터리 제조업체로, 특히 테슬라와의 협력으로 잘 알려져 있습니다.

이 외에도 BYD, AESC 등 여러 기업들이 이차전지 시장에서 중요한 역할을 하고 있습니다.
---
[2025-07-04 04:33:03]
INPUT: IT 산업 key player의 특징을 알려줘
OUTPUT: IT 산업의 주요 기업들은 다음과 같은 특징을 가지고 있습니다:

1. **글로벌 경쟁력**: 삼성전자, LG전자, 네이버, 카카오와 같은 기업들은 국내 시장뿐만 아니라 글로벌 시장에서도 경쟁력을 갖추고 있습니다. 이들은 다양한 제품과 서비스를 통해 국제 시장에서의 입지를 강화하고 있습니다.

2. **다양한 분야에서의 활동**: 이들 기업은 소프트웨어, 하드웨어, 인공지능, 클라우드 서비스 등 IT 산업의 다양한 분야에서 활동하고 있습니다. 이를 통해 시장 변화에 유연하게 대응하고 새로운 기회를 창출하고 있습니다.

3. **혁신과 기술 개발**: 주요 기업들은 지속적인 연구개발(R&D) 투자를 통해 혁신을 추구하고 있습니다. 특히, AI 기술과 정보보안 분야에서의 발전이 두드러지며, 이를 통해 시장에서의 경쟁 우위를 유지하고 있습니다.

4. **서비스와 플랫폼 제공**: 네이버와 카카오와 같은 기업들은 검색, 메신저, 전자상거래 등 다양한 플랫폼과 서비스를 제공하여 사용자 기반을 확장하고 있습니다. 이를 통해 생태계를 구축하고 사용자 경험을 향상시키고 있습니다.

5. **지속 가능한 성장 추구**: 주요 기업들은 지속 가능한 성장을 위해 환경, 사회, 지배구조(ESG) 경영을 강화하고 있습니다. 이를 통해 장기적인 기업 가치를 높이고 사회적 책임을 다하고자 합니다.

이러한 특징들은 IT 산업의 주요 기업들이 시장에서 성공적으로 자리 잡고 지속적으로 성장할 수 있는 기반이 됩니다.
---
[2025-07-04 05:42:43]
INPUT: 네이버와 카카오의 특징을 비교해줘
OUTPUT: 네이버와 카카오는 한국의 주요 IT 기업으로, 각각 고유한 특징과 강점을 가지고 있습니다. 두 기업의 특징을 비교해보면 다음과 같습니다:

### 네이버
1. **검색 엔진 및 포털 서비스**: 네이버는 한국에서 가장 인기 있는 검색 엔진과 포털 사이트를 운영하고 있습니다. 이는 네이버의 핵심 사업 중 하나로, 다양한 정보와 서비스를 제공하는 플랫폼입니다.

2. **콘텐츠 플랫폼**: 네이버는 웹툰, 블로그, 카페 등 다양한 콘텐츠 플랫폼을 운영하고 있으며, 이를 통해 사용자 생성 콘텐츠를 활성화하고 있습니다.

3. **기술 개발**: 네이버는 인공지능, 클라우드, 자율주행 등 다양한 기술 분야에 적극적으로 투자하고 있으며, 네이버랩스를 통해 혁신적인 기술 개발을 추진하고 있습니다.

4. **글로벌 확장**: 네이버는 일본의 라인(LINE) 메신저를 통해 글로벌 시장에서도 영향력을 확대하고 있습니다.

### 카카오
1. **메신저 플랫폼**: 카카오는 카카오톡이라는 메신저 서비스를 통해 한국 내에서 높은 시장 점유율을 가지고 있으며, 이를 기반으로 다양한 부가 서비스를 제공하고 있습니다.

2. **모바일 플랫폼**: 카카오는 카카오페이, 카카오뱅크 등 모바일 금융 서비스와 카카오모빌리티를 통해 다양한 모바일 플랫폼 서비스를 확장하고 있습니다.

3. **콘텐츠 및 엔터테인먼트**: 카카오는 카카오페이지, 카카오TV 등 콘텐츠 플랫폼을 운영하며, 엔터테인먼트 분야에서도 활발히 활동하고 있습니다.

4. **O2O 서비스**: 카카오는 오프라인과 온라인을 연결하는 O2O(Online to Offline) 서비스에 집중하고 있으며, 이를 통해 다양한 생활 밀착형 서비스를 제공하고 있습니다.

### 공통점
- **플랫폼 기반 사업**: 두 기업 모두 플랫폼을 기반으로 다양한 서비스를 제공하며, 이를 통해 사용자 기반을 확장하고 있습니다.
- **기술 투자**: 인공지능, 클라우드 등 첨단 기술에 대한 투자를 통해 미래 성장 동력을 확보하고 있습니다.

네이버와 카카오는 각각의 강점을 바탕으로 다양한 분야에서 경쟁력을 갖추고 있으며, 한국 IT 산업의 주요 플레이어로 자리잡고 있습니다.
---
