[2025-07-04 04:08:07]
INPUT: 재무 분석 결과 알려줘
OUTPUT: 검색 결과 없음
---
[2025-07-04 04:31:32]
INPUT: 삼성전자 동종업계와 2023년 매출액 비교해줘
OUTPUT: 삼성전자 2023년 매출액: 정보 없음
동종업계 2023년 매출액: 정보 없음
---
[2025-07-04 04:44:43]
INPUT: LG 화학 경쟁사와 2023년 매출액을 비교해줘
OUTPUT: LG 화학 2023년 매출액: 정보 없음
경쟁사 2023년 매출액: 정보 없음
---
[2025-07-04 04:46:28]
INPUT: LG 화학 경쟁사와 2023년 매출액을 비교해줘
OUTPUT: LG 화학 2023년 매출액: 정보 없음
경쟁사 2023년 매출액: 정보 없음
---
[2025-07-04 04:48:50]
INPUT: LG 화학 경쟁사와 2023년 매출액을 비교해줘
OUTPUT: LG화학 2023년 매출액: 정보 없음
삼성SDI 2023년 매출액: 정보 없음
SK이노베이션 2023년 매출액: 정보 없음
---
[2025-07-04 04:50:04]
INPUT: LG 화학 경쟁사와 2023년 매출액을 비교해줘
OUTPUT: LG화학 2023년 매출액: 정보 없음
삼성SDI 2023년 매출액: 정보 없음
SK이노베이션 2023년 매출액: 정보 없음
[외부 답변] 2023년 LG화학, 삼성SDI, SK이노베이션의 매출 실적은 다음과 같습니다. LG화학은 연결기준 매출 55조 2,498억 원을 기록했으며, LG에너지솔루션을 제외한 매출은 약 26조 6,000억 원입니다. 삼성SDI는 매출 22조 7,083억 원으로 전년 대비 12.8% 증가하며 사상 최대 실적을 달성했습니다. SK이노베이션은 연간 매출 77조 2,885억 원을 기록하며 역대 최대 매출을 달성했습니다.
---
[2025-07-04 04:51:22]
INPUT: LG 화학 경쟁사와 2023년 매출액을 비교해줘
OUTPUT: [외부 답변] 2023년 LG화학은 연결기준으로 매출 55조 2,498억 원과 영업이익 2조 5,292억 원을 기록했습니다. 이는 전년 대비 매출이 8.4% 증가한 수치입니다. 경쟁사로는 롯데케미칼과 S-Oil 등이 있으며, 이들 기업과의 비교에서 LG화학은 높은 매출 성장을 보였습니다.
---
