[2025-07-02 15:22:34]
COMPANY: 기아차
YEAR: 2024
SJ_DIV: IS
---
[2025-07-03 02:19:26]
COMPANY: SK하이닉스
YEAR: 2024
SJ_DIV: IS
---
[2025-07-03 02:19:36]
COMPANY: SK하이닉스
YEAR: 2023
SJ_DIV: IS
---
[2025-07-03 02:19:47]
COMPANY: 삼성바이오로직스
YEAR: 2023
SJ_DIV: IS
---
[2025-07-03 02:19:56]
COMPANY: 삼성전자
YEAR: 2024
SJ_DIV: IS
---
[2025-07-03 02:21:45]
COMPANY: POSCO홀딩스
YEAR: 2024
SJ_DIV: IS
---
[2025-07-03 02:21:54]
COMPANY: 현대차
YEAR: 2024
SJ_DIV: IS
---
[2025-07-03 02:22:04]
COMPANY: 삼성SDI
YEAR: 2024
SJ_DIV: IS
---
[2025-07-03 02:22:08]
COMPANY: 삼성SDI
YEAR: 2023
SJ_DIV: IS
---
[2025-07-04 04:30:19]
COMPANY: 삼성전자
YEAR: 2024
SJ_DIV: IS
---
[2025-07-04 04:42:50]
COMPANY: LG화학
YEAR: 2024
SJ_DIV: IS
---
[2025-07-04 04:43:43]
COMPANY: SK하이닉스
YEAR: 2024
SJ_DIV: IS
---
[2025-07-04 04:44:05]
COMPANY: LG화학
YEAR: 2024
SJ_DIV: IS
---
[2025-07-04 04:44:15]
COMPANY: 현대차
YEAR: 2024
SJ_DIV: IS
---
