


[2025-07-03 02:13:36]
INPUT: 삼성전자 대표이사가 누구야?
OUTPUT: 삼성전자의 대표이사는 전영현입니다.
---
[2025-07-03 02:18:04]
INPUT: 기아차 기본 정보 알려줘
OUTPUT: - 기업명: 기아(주)
- 종목코드: 000270
- 대표이사: 송호성, 최준영 (각자 대표이사)
- 주소: 서울특별시 서초구 헌릉로 12 기아자동차
---
[2025-07-03 02:18:24]
INPUT: 삼성전자 2023년 영업이익 알려줘
OUTPUT: 삼성전자의 2023년 영업이익은 6,566,976,000,000원입니다.
---
[2025-07-03 02:18:48]
INPUT: 캐피탈사의 정의가 뭐야?
OUTPUT: 캐피탈사는 대출, 리스, 할부 금융 등을 통해 개인이나 기업에게 자금을 지원하는 금융 서비스를 제공하는 회사입니다.
---
[2025-07-04 03:59:39]
INPUT: 기아차 기본정보 알려줘
OUTPUT: - 기업명: 기아(주)
- 종목코드: 000270
- 대표이사: 송호성, 최준영 (각자 대표이사)
- 법인구분: Y
- 주소: 서울특별시 서초구 헌릉로 12 기아자동차
---
[2025-07-04 04:28:44]
INPUT: 기아차 기본 정보 알려줘
OUTPUT: - 기업명: 기아(주)
- 종목코드: 000270
- 대표이사: 송호성, 최준영 (각자 대표이사)
- 주소: 서울특별시 서초구 헌릉로 12 기아자동차
---
[2025-07-04 04:29:06]
INPUT: 삼성전자 2023년 영업이익 알려줘
OUTPUT: 2023년 삼성전자의 영업이익은 6조 5,669억 7,600만 원입니다.
---
[2025-07-04 04:29:34]
INPUT: 캐피탈사의 정의가 어떻게 돼?
OUTPUT: 캐피탈사는 대출, 리스, 할부금융 등의 금융 서비스를 제공하는 회사로, 개인이나 기업에게 자금을 대출해주고 이자를 수익으로 얻는 금융업의 한 형태입니다.
---
